<?xml version="1.0" encoding="UTF-8"?>
<!-- Generated by org.testng.reporters.JUnitReportReporter -->
<testsuite skipped="0" hostname="DESKTOP-6P8D5VU" name="training.framework.test.WebDriverTest" tests="1" failures="0" timestamp="12 Jan 2021 16:50:27 GMT" time="87.168" errors="0">
  <testcase name="scenarioTest" time="87.168" classname="training.framework.test.WebDriverTest"/>
</testsuite> <!-- training.framework.test.WebDriverTest -->
